  Character.cpp
C:\Users\loris.moreau\Documents\GitHub\Weapon-Shop\Weapon Shop\Character.cpp(5,12): error C2511: 'Character::Character(std::string,std::string,std::string,int,int,std::string,std::string,std::string)': overloaded member function not found in 'Character'
C:\Users\loris.moreau\Documents\GitHub\Weapon-Shop\Weapon Shop\Character.h(7): message : see declaration of 'Character'
C:\Users\loris.moreau\Documents\GitHub\Weapon-Shop\Weapon Shop\Character.cpp(7,2): error C2597: illegal reference to non-static member 'Character::firstName'
C:\Users\loris.moreau\Documents\GitHub\Weapon-Shop\Weapon Shop\Character.h(14): message : see declaration of 'Character::firstName'
C:\Users\loris.moreau\Documents\GitHub\Weapon-Shop\Weapon Shop\Character.cpp(8,2): error C2597: illegal reference to non-static member 'Character::lastName'
C:\Users\loris.moreau\Documents\GitHub\Weapon-Shop\Weapon Shop\Character.h(15): message : see declaration of 'Character::lastName'
C:\Users\loris.moreau\Documents\GitHub\Weapon-Shop\Weapon Shop\Character.cpp(9,2): error C2597: illegal reference to non-static member 'Character::charaCatchPhrase'
C:\Users\loris.moreau\Documents\GitHub\Weapon-Shop\Weapon Shop\Character.h(17): message : see declaration of 'Character::charaCatchPhrase'
C:\Users\loris.moreau\Documents\GitHub\Weapon-Shop\Weapon Shop\Character.cpp(10,2): error C2597: illegal reference to non-static member 'Character::charaMoney'
C:\Users\loris.moreau\Documents\GitHub\Weapon-Shop\Weapon Shop\Character.h(19): message : see declaration of 'Character::charaMoney'
C:\Users\loris.moreau\Documents\GitHub\Weapon-Shop\Weapon Shop\Character.cpp(11,2): error C2597: illegal reference to non-static member 'Character::LifePoints'
C:\Users\loris.moreau\Documents\GitHub\Weapon-Shop\Weapon Shop\Character.h(21): message : see declaration of 'Character::LifePoints'
C:\Users\loris.moreau\Documents\GitHub\Weapon-Shop\Weapon Shop\Character.cpp(12,2): error C2597: illegal reference to non-static member 'Character::charaRace'
C:\Users\loris.moreau\Documents\GitHub\Weapon-Shop\Weapon Shop\Character.h(25): message : see declaration of 'Character::charaRace'
C:\Users\loris.moreau\Documents\GitHub\Weapon-Shop\Weapon Shop\Character.cpp(13,2): error C2597: illegal reference to non-static member 'Character::charaClass'
C:\Users\loris.moreau\Documents\GitHub\Weapon-Shop\Weapon Shop\Character.h(27): message : see declaration of 'Character::charaClass'
C:\Users\loris.moreau\Documents\GitHub\Weapon-Shop\Weapon Shop\Character.cpp(15,2): error C2597: illegal reference to non-static member 'Character::charaWeapon'
C:\Users\loris.moreau\Documents\GitHub\Weapon-Shop\Weapon Shop\Character.h(23): message : see declaration of 'Character::charaWeapon'
  Merchant.cpp
  Weapon Shop.cpp
C:\Users\loris.moreau\Documents\GitHub\Weapon-Shop\Weapon Shop\Weapon Shop.cpp(12,61): warning C4305: 'argument': truncation from 'double' to 'float'
C:\Users\loris.moreau\Documents\GitHub\Weapon-Shop\Weapon Shop\Weapon Shop.cpp(17,13): error C2679: binary '<<': no operator found which takes a right-hand operand of type 'Character' (or there is no acceptable conversion)
C:\VisualStudio\VC\Tools\MSVC\14.33.31629\include\ostream(475,39): message : could be 'std::basic_ostream<char,std::char_traits<char>> &std::basic_ostream<char,std::char_traits<char>>::operator <<(std::basic_streambuf<char,std::char_traits<char>> *)'
C:\VisualStudio\VC\Tools\MSVC\14.33.31629\include\ostream(443,39): message : or       'std::basic_ostream<char,std::char_traits<char>> &std::basic_ostream<char,std::char_traits<char>>::operator <<(const void *)'
C:\VisualStudio\VC\Tools\MSVC\14.33.31629\include\ostream(425,39): message : or       'std::basic_ostream<char,std::char_traits<char>> &std::basic_ostream<char,std::char_traits<char>>::operator <<(long double)'
C:\VisualStudio\VC\Tools\MSVC\14.33.31629\include\ostream(407,39): message : or       'std::basic_ostream<char,std::char_traits<char>> &std::basic_ostream<char,std::char_traits<char>>::operator <<(double)'
C:\VisualStudio\VC\Tools\MSVC\14.33.31629\include\ostream(389,39): message : or       'std::basic_ostream<char,std::char_traits<char>> &std::basic_ostream<char,std::char_traits<char>>::operator <<(float)'
C:\VisualStudio\VC\Tools\MSVC\14.33.31629\include\ostream(371,39): message : or       'std::basic_ostream<char,std::char_traits<char>> &std::basic_ostream<char,std::char_traits<char>>::operator <<(unsigned __int64)'
C:\VisualStudio\VC\Tools\MSVC\14.33.31629\include\ostream(353,39): message : or       'std::basic_ostream<char,std::char_traits<char>> &std::basic_ostream<char,std::char_traits<char>>::operator <<(__int64)'
C:\VisualStudio\VC\Tools\MSVC\14.33.31629\include\ostream(335,39): message : or       'std::basic_ostream<char,std::char_traits<char>> &std::basic_ostream<char,std::char_traits<char>>::operator <<(unsigned long)'
C:\VisualStudio\VC\Tools\MSVC\14.33.31629\include\ostream(317,39): message : or       'std::basic_ostream<char,std::char_traits<char>> &std::basic_ostream<char,std::char_traits<char>>::operator <<(long)'
C:\VisualStudio\VC\Tools\MSVC\14.33.31629\include\ostream(298,39): message : or       'std::basic_ostream<char,std::char_traits<char>> &std::basic_ostream<char,std::char_traits<char>>::operator <<(unsigned int)'
C:\VisualStudio\VC\Tools\MSVC\14.33.31629\include\ostream(272,39): message : or       'std::basic_ostream<char,std::char_traits<char>> &std::basic_ostream<char,std::char_traits<char>>::operator <<(int)'
C:\VisualStudio\VC\Tools\MSVC\14.33.31629\include\ostream(253,39): message : or       'std::basic_ostream<char,std::char_traits<char>> &std::basic_ostream<char,std::char_traits<char>>::operator <<(unsigned short)'
C:\VisualStudio\VC\Tools\MSVC\14.33.31629\include\ostream(219,39): message : or       'std::basic_ostream<char,std::char_traits<char>> &std::basic_ostream<char,std::char_traits<char>>::operator <<(short)'
C:\VisualStudio\VC\Tools\MSVC\14.33.31629\include\ostream(201,39): message : or       'std::basic_ostream<char,std::char_traits<char>> &std::basic_ostream<char,std::char_traits<char>>::operator <<(bool)'
C:\VisualStudio\VC\Tools\MSVC\14.33.31629\include\ostream(195,39): message : or       'std::basic_ostream<char,std::char_traits<char>> &std::basic_ostream<char,std::char_traits<char>>::operator <<(std::ios_base &(__cdecl *)(std::ios_base &))'
C:\VisualStudio\VC\Tools\MSVC\14.33.31629\include\ostream(189,39): message : or       'std::basic_ostream<char,std::char_traits<char>> &std::basic_ostream<char,std::char_traits<char>>::operator <<(std::basic_ios<char,std::char_traits<char>> &(__cdecl *)(std::basic_ios<char,std::char_traits<char>> &))'
C:\VisualStudio\VC\Tools\MSVC\14.33.31629\include\ostream(184,39): message : or       'std::basic_ostream<char,std::char_traits<char>> &std::basic_ostream<char,std::char_traits<char>>::operator <<(std::basic_ostream<char,std::char_traits<char>> &(__cdecl *)(std::basic_ostream<char,std::char_traits<char>> &))'
C:\Users\loris.moreau\Documents\GitHub\Weapon-Shop\Weapon Shop\Weapon Shop.cpp(17,13): message : while trying to match the argument list '(std::ostream, Character)'
  Weapon.cpp
  Generating Code...
